  lb4.cpp
C:\Users\teran\source\repos\lb4\lb4\lb4.cpp(18,18): error C2365: Entity::attack: переопределение; предыдущим определением было "данные-член"
      C:\Users\teran\source\repos\lb4\lb4\lb4.cpp(9,9):
       см. объявление "Entity::attack"
  
C:\Users\teran\source\repos\lb4\lb4\lb4.cpp(20,9): error C2059: синтаксическая ошибка: if
C:\Users\teran\source\repos\lb4\lb4\lb4.cpp(20,25): error C2334: непредвиденные лексемы перед "{"; пропуск вероятного тела функции
C:\Users\teran\source\repos\lb4\lb4\lb4.cpp(24,9): error C2059: синтаксическая ошибка: else
C:\Users\teran\source\repos\lb4\lb4\lb4.cpp(24,14): error C2334: непредвиденные лексемы перед "{"; пропуск вероятного тела функции
C:\Users\teran\source\repos\lb4\lb4\lb4.cpp(30,13): error C2628: недопустимый "Entity" с последующим "void" (возможно, отсутствует ";")
C:\Users\teran\source\repos\lb4\lb4\lb4.cpp(30,18): error C2270: displayInfo: модификаторы недопустимы для функций, не являющихся членами
C:\Users\teran\source\repos\lb4\lb4\lb4.cpp(31,34): error C2065: name: необъявленный идентификатор
C:\Users\teran\source\repos\lb4\lb4\lb4.cpp(31,54): error C2065: health: необъявленный идентификатор
C:\Users\teran\source\repos\lb4\lb4\lb4.cpp(32,32): error C2065: attack: необъявленный идентификатор
C:\Users\teran\source\repos\lb4\lb4\lb4.cpp(32,59): error C2065: defense: необъявленный идентификатор
C:\Users\teran\source\repos\lb4\lb4\lb4.cpp(19,31): error C2065: target: необъявленный идентификатор
C:\Users\teran\source\repos\lb4\lb4\lb4.cpp(36,14): error C2588: ::~Entity: недопустимая глобальная переменная деструктор
C:\Users\teran\source\repos\lb4\lb4\lb4.cpp(36,14): error C2575: Entity: только функции-члены и базовые классы могут быть виртуальными
C:\Users\teran\source\repos\lb4\lb4\lb4.cpp(36,14): error C4430: отсутствует спецификатор типа - предполагается int. Примечание. C++ не поддерживает int по умолчанию
C:\Users\teran\source\repos\lb4\lb4\lb4.cpp(36,24): warning C4508: Entity: функция должна возвращать значение; предполагается возвращаемый тип "void"
C:\Users\teran\source\repos\lb4\lb4\lb4.cpp(37,1): error C2059: синтаксическая ошибка: }
C:\Users\teran\source\repos\lb4\lb4\lb4.cpp(37,1): error C2143: синтаксическая ошибка: отсутствие ";" перед "}"
C:\Users\teran\source\repos\lb4\lb4\lb4.cpp(58,10): error C2923: std::unique_ptr: "Entity" не является допустимым аргументом типа шаблон для параметра "_Ty"
      C:\Users\teran\source\repos\lb4\lb4\lb4.cpp(36,14):
       см. объявление "Entity"
  
C:\Users\teran\source\repos\lb4\lb4\lb4.cpp(58,10): error C2976: std::unique_ptr: слишком мало аргументов шаблон
      C:\Program Files\Microsoft Visual Studio\2022\Community\VC\Tools\MSVC\14.43.34808\include\memory(3332,7):
       см. объявление "std::unique_ptr"
  
C:\Users\teran\source\repos\lb4\lb4\lb4.cpp(59,33): error C2440: инициализация: невозможно преобразовать "std::unique_ptr<Player,std::default_delete<Player>>" в "std::unique_ptr"
      C:\Users\teran\source\repos\lb4\lb4\lb4.cpp(59,33):
      Для выполнения данного преобразования нет доступного оператора преобразования, определенного пользователем, или вызов оператора невозможен
  
C:\Users\teran\source\repos\lb4\lb4\lb4.cpp(60,32): error C2440: инициализация: невозможно преобразовать "std::unique_ptr<Enemy,std::default_delete<Enemy>>" в "std::unique_ptr"
      C:\Users\teran\source\repos\lb4\lb4\lb4.cpp(60,32):
      Для выполнения данного преобразования нет доступного оператора преобразования, определенного пользователем, или вызов оператора невозможен
  
C:\Users\teran\source\repos\lb4\lb4\lb4.cpp(64,31): error C2036: std::unique_ptr *: неизвестный размер
C:\Users\teran\source\repos\lb4\lb4\lb4.cpp(65,9): error C2678: бинарный "->": не найден оператор, принимающий левый операнд типа "const std::unique_ptr" (или приемлемое преобразование отсутствует)
      C:\Program Files\Microsoft Visual Studio\2022\Community\VC\Tools\MSVC\14.43.34808\include\memory(3425,37):
      может быть "_Get_deleter_pointer_type<_Ty,remove_reference<_Ty1>::type,void>::type std::unique_ptr<_Ty,_Dx>::operator ->(void) noexcept const"
          C:\Users\teran\source\repos\lb4\lb4\lb4.cpp(65,9):
          _Get_deleter_pointer_type<_Ty,remove_reference<_Ty1>::type,void>::type std::unique_ptr<_Ty,_Dx>::operator ->(void) noexcept const: невозможно преобразовать указатель "this" из "const std::unique_ptr" в "const std::unique_ptr<_Ty,_Dx> &"
              C:\Users\teran\source\repos\lb4\lb4\lb4.cpp(65,9):
              Причина: невозможно преобразовать "const std::unique_ptr" в "const std::unique_ptr<_Ty,_Dx>"
              C:\Users\teran\source\repos\lb4\lb4\lb4.cpp(65,9):
              Для преобразования требуется второй оператор пользовательского преобразования или конструктор
      C:\Users\teran\source\repos\lb4\lb4\lb4.cpp(65,9):
      при попытке сопоставить список аргументов "(const std::unique_ptr)"
  
C:\Users\teran\source\repos\lb4\lb4\lb4.cpp(65,17): error C2039: "displayInfo": не является членом "std::unique_ptr".
      C:\Program Files\Microsoft Visual Studio\2022\Community\VC\Tools\MSVC\14.43.34808\include\memory(3332,7):
       см. объявление "std::unique_ptr"
  
